[INFO] - [2025-12-25-4-50-04PM] - [94m[START] TESTCASE correctPromptEntered [STARTED][0m
[INFO] - [2025-12-25-4-50-04PM] - [92mChecked key existence: recordGUITestExecution in file: src\main\resources\properties\config.properties[0m
[INFO] - [2025-12-25-4-50-04PM] - [94mGetting Timestamp: 2025-12-25-4-50-04PM[0m
[INFO] - [2025-12-25-4-50-04PM] - [94mStarted web recording (Snapshot): correctPromptEntered_CHROME_CHROME2025-12-25-4-50-04PM[0m
[INFO] - [2025-12-25-4-50-04PM] - [94mStarted video recording [] for: correctPromptEntered_CHROME_ - CHROME on thread: 66[0m
[INFO] - [2025-12-25-4-50-04PM] - [96mVideo Recording started for Test Case: correctPromptEntered_CHROME_[0m
[INFO] - [2025-12-25-4-50-05PM] - [94mNavigating to URL: https://the-internet.herokuapp.com/[0m
[INFO] - [2025-12-25-4-50-05PM] - [94mElement displayed: true JavaScript Alerts[0m
[INFO] - [2025-12-25-4-50-05PM] - [94mClicked on element: [0m
[INFO] - [2025-12-25-4-50-06PM] - [94mClicked on element: [0m
[INFO] - [2025-12-25-4-50-06PM] - [94mHandling alert[0m
[INFO] - [2025-12-25-4-50-06PM] - [94mSwitched to alert[0m
[INFO] - [2025-12-25-4-50-06PM] - [94mHandling alert[0m
[INFO] - [2025-12-25-4-50-06PM] - [94mSwitched to alert[0m
[INFO] - [2025-12-25-4-50-06PM] - [94mSent keys to alert: Abdelrahman Ellithy[0m
[INFO] - [2025-12-25-4-50-06PM] - [94mHandling alert[0m
[INFO] - [2025-12-25-4-50-06PM] - [94mSwitched to alert[0m
[INFO] - [2025-12-25-4-50-06PM] - [94mHandling alert[0m
[INFO] - [2025-12-25-4-50-06PM] - [94mSwitched to alert[0m
[INFO] - [2025-12-25-4-50-06PM] - [94mAccepted alert[0m
[INFO] - [2025-12-25-4-50-06PM] - [94mElement displayed: true You entered: Abdelrahman Ellithy[0m
[INFO] - [2025-12-25-4-50-06PM] - [94mText retrieved: "You entered: Abdelrahman Ellithy" from You entered: Abdelrahman Ellithy[0m
[WARN] - [2025-12-25-4-50-06PM] - [38;5;200mNo frames captured during recording[0m
[ERROR] - [2025-12-25-4-50-06PM] - [91mFailed to save video recording[0m
[ERROR] - [2025-12-25-4-50-06PM] - [91mFailed to save video recording for: correctPromptEntered_CHROME_[0m
[DEBUG] - [2025-12-25-4-50-06PM] - [93mCleaned up recording context [ID: 10c0e92c][0m